<?xml version="1.0" encoding="UTF-8"?>
<!-- Generated by org.testng.reporters.JUnitReportReporter -->
<testsuite hostname="AsusvivoBook15" failures="0" tests="1" name="testCases.TC002_loginPage" time="5.688" errors="0" timestamp="2025-09-20T01:30:54 IST" skipped="0">
  <testcase classname="testCases.TC002_loginPage" name="Verify_login" time="5.688"/>
</testsuite> <!-- testCases.TC002_loginPage -->
