<?xml version="1.0" encoding="UTF-8"?>
<!-- Generated by org.testng.reporters.JUnitReportReporter -->
<testsuite hostname="AsusvivoBook15" failures="0" tests="1" name="testCases.TC001_AccountRegestration_Test" time="3.893" errors="0" timestamp="2025-09-20T16:24:48 IST" skipped="0">
  <testcase classname="testCases.TC001_AccountRegestration_Test" name="verify_account_registration" time="3.893"/>
</testsuite> <!-- testCases.TC001_AccountRegestration_Test -->
